0 verbose cli C:\Program Files\nodejs\node.exe C:\Users\Anton\AppData\Roaming\npm\node_modules\npm\bin\npm-cli.js
1 info using npm@8.11.0
2 info using node@v16.15.0
3 timing npm:load:whichnode Completed in 1ms
4 timing config:load:defaults Completed in 2ms
5 timing config:load:file:C:\Users\Anton\AppData\Roaming\npm\node_modules\npm\npmrc Completed in 3ms
6 timing config:load:builtin Completed in 4ms
7 timing config:load:cli Completed in 2ms
8 timing config:load:env Completed in 0ms
9 timing config:load:file:C:\Users\Anton\Desktop\movies-react\my-react-app\.npmrc Completed in 0ms
10 timing config:load:project Completed in 3ms
11 verbose config error loading user config [Error: EISDIR: illegal operation on a directory, read] {
11 verbose config   errno: -4068,
11 verbose config   code: 'EISDIR',
11 verbose config   syscall: 'read'
11 verbose config }
12 timing config:load:file:C:\Users\Anton\.npmrc Completed in 3ms
13 timing config:load:user Completed in 4ms
14 timing config:load:file:C:\Users\Anton\AppData\Roaming\npm\etc\npmrc Completed in 1ms
15 timing config:load:global Completed in 1ms
16 timing config:load:validate Completed in 0ms
17 timing config:load:credentials Completed in 1ms
18 timing config:load:setEnvs Completed in 1ms
19 timing config:load Completed in 20ms
20 timing npm:load:configload Completed in 20ms
21 timing npm:load:mkdirpcache Completed in 2ms
22 timing npm:load:mkdirplogs Completed in 1ms
23 verbose title npm run deploy
24 verbose argv "run" "deploy"
25 timing npm:load:setTitle Completed in 2ms
26 timing config:load:flatten Completed in 4ms
27 timing npm:load:display Completed in 6ms
28 verbose logfile logs-max:10 dir:C:\Users\Anton\Desktop\movies-react\my-react-app\UsersAnton.npmrc\_logs
29 verbose logfile C:\Users\Anton\Desktop\movies-react\my-react-app\UsersAnton.npmrc\_logs\2022-06-01T20_48_06_669Z-debug-0.log
30 timing npm:load:logFile Completed in 18ms
31 timing npm:load:timers Completed in 0ms
32 timing npm:load:configScope Completed in 0ms
33 timing npm:load Completed in 51ms
34 silly logfile done cleaning log files
35 http fetch GET 200 https://registry.npmjs.org/npm 615ms (cache miss)
36 timing command:run Completed in 27256ms
37 verbose exit 0
38 timing npm Completed in 27329ms
39 info ok
